[07/Jan/2022 08:33:24] DEBUG [spsapp.views:43] Both players selected. It's a tie!
[07/Jan/2022 08:33:26] DEBUG [spsapp.views:43] Both players selected. It's a tie!
[07/Jan/2022 08:33:26] DEBUG [spsapp.views:54] Paper covers rock! You lose.
[07/Jan/2022 08:38:45] DEBUG [spsapp.views:49] Rock smashes scissors! You win! - Actions: Bot - scissors User - rock
[07/Jan/2022 08:38:45] DEBUG [spsapp.views:59] Paper covers rock! You win! Actions: Bot - rock User - paper
[07/Jan/2022 08:38:46] DEBUG [spsapp.views:70] Scissors cuts paper! You win! Actions: Bot - paper User - scissors
[07/Jan/2022 08:38:47] DEBUG [spsapp.views:43] Both players selected. It's a tie!
[07/Jan/2022 08:38:48] DEBUG [spsapp.views:43] Both players selected. It's a tie!
[07/Jan/2022 08:38:49] DEBUG [spsapp.views:64] Scissors cuts paper! You lose. Actions: Bot - scissors User - paper
[07/Jan/2022 08:38:49] DEBUG [spsapp.views:74] Rock smashes scissors! You lose. Actions: Bot - rock User - scissors
[07/Jan/2022 08:38:50] DEBUG [spsapp.views:64] Scissors cuts paper! You lose. Actions: Bot - scissors User - paper
[07/Jan/2022 08:38:51] DEBUG [spsapp.views:54] Paper covers rock! You lose. Actions: Bot - paper User - rock
[07/Jan/2022 08:38:51] DEBUG [spsapp.views:64] Scissors cuts paper! You lose. Actions: Bot - scissors User - paper
[07/Jan/2022 08:38:52] DEBUG [spsapp.views:43] Both players selected. It's a tie!
[07/Jan/2022 08:38:53] DEBUG [spsapp.views:43] Both players selected. It's a tie!
[07/Jan/2022 08:38:54] DEBUG [spsapp.views:70] Scissors cuts paper! You win! Actions: Bot - paper User - scissors
[07/Jan/2022 08:38:54] DEBUG [spsapp.views:64] Scissors cuts paper! You lose. Actions: Bot - scissors User - paper
[18/Nov/2023 19:31:13] DEBUG [spsapp.views:44] Both players selected. It's a tie!
[18/Nov/2023 19:31:19] DEBUG [spsapp.views:64] Scissors cuts paper! You lose. Actions: Bot - scissors User - paper
[18/Nov/2023 19:31:21] DEBUG [spsapp.views:70] Scissors cuts paper! You win! Actions: Bot - paper User - scissors
[18/Nov/2023 19:31:25] DEBUG [spsapp.views:60] Paper covers rock! You win! Actions: Bot - rock User - paper
[18/Nov/2023 20:18:40] DEBUG [spsapp.views:50] Rock smashes scissors! You win! - Actions: Bot - scissors User - rock
[18/Nov/2023 20:18:43] DEBUG [spsapp.views:74] Rock smashes scissors! You lose. Actions: Bot - rock User - scissors
[18/Nov/2023 20:18:47] DEBUG [spsapp.views:60] Paper covers rock! You win! Actions: Bot - rock User - paper
[18/Nov/2023 20:18:50] DEBUG [spsapp.views:60] Paper covers rock! You win! Actions: Bot - rock User - paper
[18/Nov/2023 20:18:51] DEBUG [spsapp.views:60] Paper covers rock! You win! Actions: Bot - rock User - paper
[18/Nov/2023 20:18:54] DEBUG [spsapp.views:74] Rock smashes scissors! You lose. Actions: Bot - rock User - scissors
[18/Nov/2023 20:18:59] DEBUG [spsapp.views:44] Both players selected. It's a tie!
[18/Nov/2023 20:19:03] DEBUG [spsapp.views:54] Paper covers rock! You lose. Actions: Bot - paper User - rock
[18/Nov/2023 20:19:07] DEBUG [spsapp.views:44] Both players selected. It's a tie!
[18/Nov/2023 20:19:08] DEBUG [spsapp.views:50] Rock smashes scissors! You win! - Actions: Bot - scissors User - rock
[18/Nov/2023 20:19:11] DEBUG [spsapp.views:44] Both players selected. It's a tie!
[18/Nov/2023 20:19:13] DEBUG [spsapp.views:70] Scissors cuts paper! You win! Actions: Bot - paper User - scissors
[18/Nov/2023 20:19:15] DEBUG [spsapp.views:64] Scissors cuts paper! You lose. Actions: Bot - scissors User - paper
[23/Nov/2023 00:49:40] DEBUG [spsapp.views:44] Both players selected. It's a tie!
[23/Nov/2023 00:49:43] DEBUG [spsapp.views:60] Paper covers rock! You win! Actions: Bot - rock User - paper
[23/Nov/2023 00:49:46] DEBUG [spsapp.views:44] Both players selected. It's a tie!
[26/Nov/2023 23:54:05] DEBUG [spsapp.views:44] Both players selected. It's a tie!
[26/Nov/2023 23:54:09] DEBUG [spsapp.views:64] Scissors cuts paper! You lose. Actions: Bot - scissors User - paper
[26/Nov/2023 23:54:10] DEBUG [spsapp.views:60] Paper covers rock! You win! Actions: Bot - rock User - paper
[26/Nov/2023 23:54:11] DEBUG [spsapp.views:64] Scissors cuts paper! You lose. Actions: Bot - scissors User - paper
[26/Nov/2023 23:54:12] DEBUG [spsapp.views:60] Paper covers rock! You win! Actions: Bot - rock User - paper
[26/Nov/2023 23:54:12] DEBUG [spsapp.views:64] Scissors cuts paper! You lose. Actions: Bot - scissors User - paper
[26/Nov/2023 23:54:12] DEBUG [spsapp.views:44] Both players selected. It's a tie!
[26/Nov/2023 23:54:12] DEBUG [spsapp.views:64] Scissors cuts paper! You lose. Actions: Bot - scissors User - paper
[26/Nov/2023 23:54:13] DEBUG [spsapp.views:60] Paper covers rock! You win! Actions: Bot - rock User - paper
[26/Nov/2023 23:54:13] DEBUG [spsapp.views:60] Paper covers rock! You win! Actions: Bot - rock User - paper
[26/Nov/2023 23:54:14] DEBUG [spsapp.views:60] Paper covers rock! You win! Actions: Bot - rock User - paper
[26/Nov/2023 23:54:14] DEBUG [spsapp.views:60] Paper covers rock! You win! Actions: Bot - rock User - paper
[26/Nov/2023 23:54:14] DEBUG [spsapp.views:64] Scissors cuts paper! You lose. Actions: Bot - scissors User - paper
[26/Nov/2023 23:54:14] DEBUG [spsapp.views:64] Scissors cuts paper! You lose. Actions: Bot - scissors User - paper
[26/Nov/2023 23:54:15] DEBUG [spsapp.views:64] Scissors cuts paper! You lose. Actions: Bot - scissors User - paper
[26/Nov/2023 23:54:15] DEBUG [spsapp.views:60] Paper covers rock! You win! Actions: Bot - rock User - paper
[26/Nov/2023 23:54:15] DEBUG [spsapp.views:60] Paper covers rock! You win! Actions: Bot - rock User - paper
[26/Nov/2023 23:54:16] DEBUG [spsapp.views:44] Both players selected. It's a tie!
[26/Nov/2023 23:54:16] DEBUG [spsapp.views:60] Paper covers rock! You win! Actions: Bot - rock User - paper
[26/Nov/2023 23:54:16] DEBUG [spsapp.views:60] Paper covers rock! You win! Actions: Bot - rock User - paper
